12:59:32:733 [20392] | INFO  | Initializing crosire's ReShade version '6.3.3.1921' (64-bit) loaded from 'C:\Users\sagadjanov\Documents\Moteur Simon\Moteur_V3\lyo-t2-amiga-p7-02\Game Engine (release exemple)\GameEngine\dxgi.dll' into 'C:\Users\sagadjanov\Documents\Moteur Simon\Moteur_V3\lyo-t2-amiga-p7-02\Game Engine (release exemple)\GameEngine\MOTEUR.exe' (0xEBE78E45) ...
12:59:32:733 [20392] | INFO  | Registering hooks for 'user32.dll' ...
12:59:32:733 [20392] | INFO  | > Libraries loaded.
12:59:32:733 [20392] | INFO  | > Found 14 match(es). Installing ...
12:59:32:758 [20392] | INFO  | Registering hooks for 'C:\windows\system32\dinput.dll' ...
12:59:32:758 [20392] | INFO  | > Delayed.
12:59:32:758 [20392] | INFO  | Registering hooks for 'C:\windows\system32\d2d1.dll' ...
12:59:32:758 [20392] | INFO  | > Delayed.
12:59:32:758 [20392] | INFO  | Registering hooks for 'C:\windows\system32\d3d9.dll' ...
12:59:32:758 [20392] | INFO  | > Delayed.
12:59:32:758 [20392] | INFO  | Registering hooks for 'C:\windows\system32\d3d10.dll' ...
12:59:32:758 [20392] | INFO  | > Delayed.
12:59:32:758 [20392] | INFO  | Registering hooks for 'C:\windows\system32\d3d10_1.dll' ...
12:59:32:758 [20392] | INFO  | > Delayed.
12:59:32:758 [20392] | INFO  | Registering hooks for 'C:\windows\system32\d3d11.dll' ...
12:59:32:758 [20392] | INFO  | > Delayed.
12:59:32:758 [20392] | INFO  | Registering hooks for 'C:\windows\system32\d3d12.dll' ...
12:59:32:758 [20392] | INFO  | > Libraries loaded.
12:59:32:758 [20392] | INFO  | > Found 8 match(es). Installing ...
12:59:32:782 [20392] | INFO  | Registering hooks for 'C:\windows\system32\dxgi.dll' ...
12:59:32:782 [20392] | INFO  | > Delayed until first call to an exported function.
12:59:32:782 [20392] | INFO  | Registering hooks for 'vrclient_x64.dll' ...
12:59:32:782 [20392] | INFO  | > Delayed.
12:59:32:782 [20392] | INFO  | Initialized.
12:59:32:786 [20392] | INFO  | Redirecting RegisterClassExW(lpWndClassEx = 000000DCC0BAF150 { "DX12WindowClass", style = 0x3 }) ...
12:59:32:786 [20392] | INFO  | > Adding 'CS_OWNDC' window class style flag to "DX12WindowClass".
12:59:32:821 [20392] | INFO  | Redirecting CreateDXGIFactory2(Flags = 0x1, riid = {1BC6EA02-EF36-464F-BF0C-21CA39E5168A}, ppFactory = 000000DCC0BAEAB8) ...
12:59:32:821 [20392] | INFO  | Installing export hooks for 'C:\windows\system32\dxgi.dll' ...
12:59:32:821 [20392] | INFO  | > Found 5 match(es). Installing ...
12:59:32:821 [20392] | INFO  | Redirecting D3D12CreateDevice(pAdapter = 0000000000000000, MinimumFeatureLevel = b000, riid = {189819F1-1DB6-4B57-BE54-1821339B85F7}, ppDevice = 000000DCC0BAF478) ...
12:59:32:821 [20392] | INFO  | Redirecting CreateDXGIFactory2(Flags = 0x80000000, riid = {1BC6EA02-EF36-464F-BF0C-21CA39E5168A}, ppFactory = 000000DCC0BAE448) ...
12:59:32:977 [20392] | INFO  | Searching for add-ons (*.addon, *.addon64) in 'C:\Users\sagadjanov\Documents\Moteur Simon\Moteur_V3\lyo-t2-amiga-p7-02\Game Engine (release exemple)\GameEngine' ...
12:59:32:977 [20392] | INFO  | Redirecting ID3D12Device::CreateCommandQueue(this = 0000029A17250290, pDesc = 000000DCC0BAEAD8, riid = {0EC870A6-5D7E-4C22-8CFC-5BAAE07616ED}, ppCommandQueue = 000000DCC0BAF480) ...
12:59:32:977 [20392] | INFO  | > Dumping command queue description:
12:59:32:977 [20392] | INFO  |   +-----------------------------------------+-----------------------------------------+
12:59:32:977 [20392] | INFO  |   | Parameter                               | Value                                   |
12:59:32:977 [20392] | INFO  |   +-----------------------------------------+-----------------------------------------+
12:59:32:977 [20392] | INFO  |   | Type                                    | 0                                       |
12:59:32:977 [20392] | INFO  |   | Priority                                | 0                                       |
12:59:32:977 [20392] | INFO  |   | Flags                                   | 0                                       |
12:59:32:977 [20392] | INFO  |   | NodeMask                                | 0                                       |
12:59:32:977 [20392] | INFO  |   +-----------------------------------------+-----------------------------------------+
12:59:33:008 [20392] | INFO  | Redirecting IDXGIFactory2::CreateSwapChainForHwnd(this = 0000029A0D8F95F0, pDevice = 0000029A172B9FC0, hWnd = 00000000004407AE, pDesc = 000000DCC0BAEB08, pFullscreenDesc = 0000000000000000, pRestrictToOutput = 0000000000000000, ppSwapChain = ) ...
12:59:33:008 [20392] | INFO  | > Dumping swap chain description:
12:59:33:008 [20392] | INFO  |   +-----------------------------------------+-----------------------------------------+
12:59:33:008 [20392] | INFO  |   | Parameter                               | Value                                   |
12:59:33:008 [20392] | INFO  |   +-----------------------------------------+-----------------------------------------+
12:59:33:008 [20392] | INFO  |   | Width                                   | 1280                                    |
12:59:33:008 [20392] | INFO  |   | Height                                  | 720                                     |
12:59:33:008 [20392] | INFO  |   | RefreshRate                             | 0                   0                   |
12:59:33:008 [20392] | INFO  |   | Format                                  | DXGI_FORMAT_R8G8B8A8_UNORM              |
12:59:33:008 [20392] | INFO  |   | Stereo                                  | FALSE                                   |
12:59:33:008 [20392] | INFO  |   | ScanlineOrdering                        | 0                                       |
12:59:33:008 [20392] | INFO  |   | Scaling                                 | 0                                       |
12:59:33:008 [20392] | INFO  |   | SampleCount                             | 1                                       |
12:59:33:008 [20392] | INFO  |   | SampleQuality                           | 0                                       |
12:59:33:008 [20392] | INFO  |   | BufferUsage                             | 0x20                                    |
12:59:33:008 [20392] | INFO  |   | BufferCount                             | 2                                       |
12:59:33:008 [20392] | INFO  |   | Windowed                                | TRUE                                    |
12:59:33:008 [20392] | INFO  |   | SwapEffect                              | 4                                       |
12:59:33:008 [20392] | INFO  |   | AlphaMode                               | 0                                       |
12:59:33:008 [20392] | INFO  |   | Flags                                   | 0                                       |
12:59:33:008 [20392] | INFO  |   +-----------------------------------------+-----------------------------------------+
12:59:33:024 [20392] | INFO  | Redirecting CreateDXGIFactory2(Flags = 0, riid = {1BC6EA02-EF36-464F-BF0C-21CA39E5168A}, ppFactory = 000000DCC0BAE3F8) ...
12:59:33:024 [20392] | INFO  | Redirecting CreateDXGIFactory2(Flags = 0, riid = {1BC6EA02-EF36-464F-BF0C-21CA39E5168A}, ppFactory = 000000DCC0BAE3F8) ...
12:59:33:024 [20392] | INFO  | Redirecting CreateDXGIFactory2(Flags = 0, riid = {1BC6EA02-EF36-464F-BF0C-21CA39E5168A}, ppFactory = 000000DCC0BAE3F8) ...
12:59:33:024 [20392] | INFO  | Redirecting CreateDXGIFactory2(Flags = 0, riid = {1BC6EA02-EF36-464F-BF0C-21CA39E5168A}, ppFactory = 000000DCC0BAE3F8) ...
12:59:33:024 [20392] | INFO  | Running on NVIDIA GeForce RTX 2060 SUPER Driver 566.3.
12:59:33:133 [20392] | INFO  | Recreated runtime environment on runtime 0000029A174C5B80 ('C:\Users\sagadjanov\Documents\Moteur Simon\Moteur_V3\lyo-t2-amiga-p7-02\Game Engine (release exemple)\GameEngine\ReShade.ini').
